<?xml version="1.0" encoding="UTF-8"?>
<testsuites name="Mocha Tests" time="36.176" tests="4" failures="0">
  <testsuite name="Root Suite" timestamp="2025-11-18T15:37:13" tests="0" file="cypress\e2e\login.cy.js" time="0.000" failures="0">
  </testsuite>
  <testsuite name="fonctionnalité d&apos;authentification" timestamp="2025-11-18T15:37:13" tests="4" time="36.161" failures="0">
    <testcase name="fonctionnalité d&apos;authentification login with valid credentials" time="3.830" classname="login with valid credentials">
    </testcase>
    <testcase name="fonctionnalité d&apos;authentification login with invalid credentials" time="1.359" classname="login with invalid credentials">
    </testcase>
    <testcase name="fonctionnalité d&apos;authentification login with fixtures credentials" time="18.988" classname="login with fixtures credentials">
    </testcase>
    <testcase name="fonctionnalité d&apos;authentification login with simple fixture" time="1.388" classname="login with simple fixture">
    </testcase>
  </testsuite>
</testsuites>